 * Serving Flask app "app" (lazy loading)
 * Environment: production
   WARNING: This is a development server. Do not use it in a production deployment.
   Use a production WSGI server instead.
 * Debug mode: off
Traceback (most recent call last):
  File "app.py", line 38, in <module>
    app.run(host="kennuware.xyz", port=80)
  File "/usr/local/lib64/python3.6/site-packages/flask/app.py", line 990, in run
    run_simple(host, port, self, **options)
  File "/usr/local/lib/python3.6/site-packages/werkzeug/serving.py", line 1010, in run_simple
    inner()
  File "/usr/local/lib/python3.6/site-packages/werkzeug/serving.py", line 963, in inner
    fd=fd,
  File "/usr/local/lib/python3.6/site-packages/werkzeug/serving.py", line 806, in make_server
    host, port, app, request_handler, passthrough_errors, ssl_context, fd=fd
  File "/usr/local/lib/python3.6/site-packages/werkzeug/serving.py", line 699, in __init__
    HTTPServer.__init__(self, server_address, handler)
  File "/usr/lib64/python3.6/socketserver.py", line 456, in __init__
    self.server_bind()
  File "/usr/lib64/python3.6/http/server.py", line 136, in server_bind
    socketserver.TCPServer.server_bind(self)
  File "/usr/lib64/python3.6/socketserver.py", line 470, in server_bind
    self.socket.bind(self.server_address)
OSError: [Errno 98] Address already in use
